0 info it worked if it ends with ok
1 verbose cli [ '/usr/local/bin/node',
1 verbose cli   '/Users/scottwise/.npm-packages/bin/npm',
1 verbose cli   'run',
1 verbose cli   'test' ]
2 info using npm@4.1.2
3 info using node@v7.4.0
4 verbose run-script [ 'pretest', 'test', 'posttest' ]
5 info lifecycle overwatch-site@0.1.0~pretest: overwatch-site@0.1.0
6 silly lifecycle overwatch-site@0.1.0~pretest: no script for pretest, continuing
7 info lifecycle overwatch-site@0.1.0~test: overwatch-site@0.1.0
8 verbose lifecycle overwatch-site@0.1.0~test: unsafe-perm in lifecycle true
9 verbose lifecycle overwatch-site@0.1.0~test: PATH: /Users/scottwise/.npm-packages/lib/node_modules/npm/bin/node-gyp-bin:/Users/scottwise/Documents/github/masterRank/react/node_modules/.bin:/Users/scottwise/.pyenv/shims:/Users/scottwise/.pyenv/bin:/Users/scottwise/.pyenv/shims:/Users/scottwise/.pyenv/bin:/Users/scottwise/.pyenv/shims:/Users/scottwise/.pyenv/bin:/Users/scottwise/.pyenv/shims:/Users/scottwise/.pyenv/bin:/Users/scottwise/.pyenv/shims:/Users/scottwise/.pyenv/bin:/Users/scottwise/.pyenv/shims:/Users/scottwise/.pyenv/bin:/Users/scottwise/.pyenv/shims:/Users/scottwise/.pyenv/bin:/Users/scottwise/.pyenv/shims:/Users/scottwise/.pyenv/bin:/Users/scottwise/.npm-packages/bin:/usr/local/bin:/usr/local/sbin:/Users/scottwise/apache-ant-1.9.6/bin:/Users/scottwise/.pyenv/shims:/Users/scottwise/.pyenv/bin:/Users/scottwise/.pyenv/shims:/Users/scottwise/.pyenv/bin:/Users/scottwise/.pyenv/shims:/Users/scottwise/.pyenv/bin:/Users/scottwise/.pyenv/shims:/Users/scottwise/.pyenv/bin:/Users/scottwise/.pyenv/shims:/Users/scottwise/.pyenv/bin:/Users/scottwise/.pyenv/shims:/Users/scottwise/.pyenv/bin:/Users/scottwise/.pyenv/shims:/Users/scottwise/.pyenv/bin:/Users/scottwise/.sdkman/candidates/springboot/current/bin:/Users/scottwise/.sdkman/candidates/gradle/current/bin:/Users/scottwise/.npm-packages/bin:/usr/local/bin:/usr/local/sbin:/Users/scottwise/apache-ant-1.9.6/bin:/usr/local/bin:/usr/bin:/bin:/usr/sbin:/sbin:/opt/X11/bin:/usr/local/MacGPG2/bin:/Applications/MAMP/Library/bin/:/Applications/MAMP/Library/bin/
10 verbose lifecycle overwatch-site@0.1.0~test: CWD: /Users/scottwise/Documents/github/masterRank/react
11 silly lifecycle overwatch-site@0.1.0~test: Args: [ '-c', 'jest' ]
12 silly lifecycle overwatch-site@0.1.0~test: Returned: code: 1  signal: null
13 info lifecycle overwatch-site@0.1.0~test: Failed to exec test script
14 verbose stack Error: overwatch-site@0.1.0 test: `jest`
14 verbose stack Exit status 1
14 verbose stack     at EventEmitter.<anonymous> (/Users/scottwise/.npm-packages/lib/node_modules/npm/lib/utils/lifecycle.js:279:16)
14 verbose stack     at emitTwo (events.js:106:13)
14 verbose stack     at EventEmitter.emit (events.js:191:7)
14 verbose stack     at ChildProcess.<anonymous> (/Users/scottwise/.npm-packages/lib/node_modules/npm/lib/utils/spawn.js:40:14)
14 verbose stack     at emitTwo (events.js:106:13)
14 verbose stack     at ChildProcess.emit (events.js:191:7)
14 verbose stack     at maybeClose (internal/child_process.js:885:16)
14 verbose stack     at Process.ChildProcess._handle.onexit (internal/child_process.js:226:5)
15 verbose pkgid overwatch-site@0.1.0
16 verbose cwd /Users/scottwise/Documents/github/masterRank/react/src/tools
17 error Darwin 15.6.0
18 error argv "/usr/local/bin/node" "/Users/scottwise/.npm-packages/bin/npm" "run" "test"
19 error node v7.4.0
20 error npm  v4.1.2
21 error code ELIFECYCLE
22 error overwatch-site@0.1.0 test: `jest`
22 error Exit status 1
23 error Failed at the overwatch-site@0.1.0 test script 'jest'.
23 error Make sure you have the latest version of node.js and npm installed.
23 error If you do, this is most likely a problem with the overwatch-site package,
23 error not with npm itself.
23 error Tell the author that this fails on your system:
23 error     jest
23 error You can get information on how to open an issue for this project with:
23 error     npm bugs overwatch-site
23 error Or if that isn't available, you can get their info via:
23 error     npm owner ls overwatch-site
23 error There is likely additional logging output above.
24 verbose exit [ 1, true ]
